<?xml version="1.0" encoding="UTF-8"?>
<!-- Generated by org.testng.reporters.JUnitReportReporter -->
<testsuite hostname="LIN66003201" name="TestRunner" tests="2" failures="0" timestamp="26 Jun 2018 09:47:27 GMT" time="0.099" errors="0">
  <testcase name="feature" time="0.002" classname="TestRunner"/>
  <testcase name="feature" time="0.097" classname="TestRunner"/>
</testsuite> <!-- TestRunner -->
