<?xml version="1.0" encoding="UTF-8"?>
<!-- Generated by org.testng.reporters.JUnitReportReporter -->
<testsuite hostname="LIN66003201" name="TestRunner" tests="2" failures="0" timestamp="25 Jun 2018 15:38:17 GMT" time="0.092" errors="0">
  <testcase name="feature" time="0.092" classname="TestRunner"/>
  <testcase name="feature" time="0.000" classname="TestRunner"/>
</testsuite> <!-- TestRunner -->
